<?xml version="1.0" encoding="UTF-8"?>
<!-- Generated by org.testng.reporters.JUnitReportReporter -->
<testsuite hostname="SWETHAJOHNSON" failures="0" tests="1" name="Page.Login" time="3.184" errors="0" timestamp="2024-02-29T14:08:19 IST" skipped="0">
  <testcase classname="Page.Login" name="testt" time="3.184"/>
  <system-out/>
</testsuite> <!-- Page.Login -->
