<?xml version="1.0" encoding="UTF-8"?>
<!-- Generated by org.testng.reporters.JUnitReportReporter -->
<testsuite hostname="SWETHAJOHNSON" failures="0" tests="1" name="Page.Logindetails" time="4.209" errors="0" timestamp="2024-02-27T17:29:00 IST" skipped="0">
  <testcase classname="Page.Logindetails" name="Test" time="4.209"/>
  <system-out/>
</testsuite> <!-- Page.Logindetails -->
