<?xml version="1.0" encoding="UTF-8"?>
<!-- Generated by org.testng.reporters.JUnitReportReporter -->
<testsuite hostname="SWETHAJOHNSON" failures="0" tests="1" name="Test.Setupcart" time="5.580" errors="0" timestamp="2024-02-29T16:26:10 IST" skipped="0">
  <testcase classname="Test.Setupcart" name="testt" time="5.580"/>
  <system-out/>
</testsuite> <!-- Test.Setupcart -->
