<?xml version="1.0" encoding="UTF-8"?>
<!-- Generated by org.testng.reporters.JUnitReportReporter -->
<testsuite hostname="SWETHAJOHNSON" failures="0" tests="1" name="Test.Setup" time="7.798" errors="0" timestamp="2024-02-28T01:02:48 IST" skipped="0">
  <testcase classname="Test.Setup" name="Test" time="7.798"/>
  <system-out/>
</testsuite> <!-- Test.Setup -->
