<?xml version="1.0" encoding="UTF-8"?>
<!-- Generated by org.testng.reporters.JUnitReportReporter -->
<testsuite hostname="SWETHAJOHNSON" failures="0" tests="1" name="Test.Searchsetup" time="3.789" errors="0" timestamp="2024-02-29T16:05:50 IST" skipped="0">
  <testcase classname="Test.Searchsetup" name="testt" time="3.789"/>
  <system-out/>
</testsuite> <!-- Test.Searchsetup -->
