<?xml version="1.0" encoding="UTF-8"?>
<!-- Generated by org.testng.reporters.JUnitReportReporter -->
<testsuite hostname="SWETHAJOHNSON" failures="0" tests="1" name="Test.Setupsign" time="3.771" errors="0" timestamp="2024-02-29T15:21:02 IST" skipped="0">
  <testcase classname="Test.Setupsign" name="testt" time="3.771"/>
  <system-out/>
</testsuite> <!-- Test.Setupsign -->
